<?xml version="1.0" encoding="UTF-8"?>
<!-- Generated by org.testng.reporters.JUnitReportReporter -->
<testsuite skipped="0" hostname="admin-PC" name="com.qa.tests.DropDownNDataProviderTest" tests="1" failures="0" timestamp="25 Aug 2018 13:24:37 GMT" time="11.101" errors="0">
  <testcase name="compareCountryDropdown" time="11.101" classname="com.qa.tests.DropDownNDataProviderTest"/>
</testsuite> <!-- com.qa.tests.DropDownNDataProviderTest -->
